2015/11/15 01:49:46 [error] [exception.CException] exception 'CException' with message 'SiteController and its behaviors do not have a method or closure named "appTitle".' in C:\xampp\htdocs\yii-1.1.16\framework\base\CComponent.php:266
Stack trace:
#0 C:\xampp\htdocs\elaundry\themes\abound\views\layouts\tpl_navigation.php(91): CComponent->__call('appTitle', Array)
#1 C:\xampp\htdocs\elaundry\themes\abound\views\layouts\tpl_navigation.php(91): SiteController->appTitle(NULL)
#2 C:\xampp\htdocs\elaundry\themes\abound\views\layouts\main.php(58): require_once('C:\\xampp\\htdocs...')
#3 C:\xampp\htdocs\yii-1.1.16\framework\web\CBaseController.php(126): require('C:\\xampp\\htdocs...')
#4 C:\xampp\htdocs\yii-1.1.16\framework\web\CBaseController.php(95): CBaseController->renderInternal('C:\\xampp\\htdocs...', Array, true)
#5 C:\xampp\htdocs\yii-1.1.16\framework\web\widgets\CContentDecorator.php(76): CBaseController->renderFile('C:\\xampp\\htdocs...', Array, true)
#6 C:\xampp\htdocs\yii-1.1.16\framework\web\widgets\CContentDecorator.php(54): CContentDecorator->decorate('<div id="conten...')
#7 C:\xampp\htdocs\yii-1.1.16\framework\web\widgets\COutputProcessor.php(44): CContentDecorator->processOutput('<div id="conten...')
#8 C:\xampp\htdocs\yii-1.1.16\framework\web\CBaseController.php(214): COutputProcessor->run()
#9 C:\xampp\htdocs\yii-1.1.16\framework\web\CBaseController.php(308): CBaseController->endWidget('CContentDecorat...')
#10 C:\xampp\htdocs\elaundry\themes\abound\views\layouts\column1.php(14): CBaseController->endContent()
#11 C:\xampp\htdocs\yii-1.1.16\framework\web\CBaseController.php(126): require('C:\\xampp\\htdocs...')
#12 C:\xampp\htdocs\yii-1.1.16\framework\web\CBaseController.php(95): CBaseController->renderInternal('C:\\xampp\\htdocs...', Array, true)
#13 C:\xampp\htdocs\yii-1.1.16\framework\web\CController.php(784): CBaseController->renderFile('C:\\xampp\\htdocs...', Array, true)
#14 C:\xampp\htdocs\elaundry\protected\controllers\SiteController.php(32): CController->render('index')
#15 C:\xampp\htdocs\yii-1.1.16\framework\web\actions\CInlineAction.php(49): SiteController->actionIndex()
#16 C:\xampp\htdocs\yii-1.1.16\framework\web\CController.php(308): CInlineAction->runWithParams(Array)
#17 C:\xampp\htdocs\yii-1.1.16\framework\web\CController.php(286): CController->runAction(Object(CInlineAction))
#18 C:\xampp\htdocs\yii-1.1.16\framework\web\CController.php(265): CController->runActionWithFilters(Object(CInlineAction), Array)
#19 C:\xampp\htdocs\yii-1.1.16\framework\web\CWebApplication.php(282): CController->run('')
#20 C:\xampp\htdocs\yii-1.1.16\framework\web\CWebApplication.php(141): CWebApplication->runController('')
#21 C:\xampp\htdocs\yii-1.1.16\framework\base\CApplication.php(184): CWebApplication->processRequest()
#22 C:\xampp\htdocs\elaundry\index.php(13): CApplication->run()
#23 {main}
REQUEST_URI=/elaundry/
---
2015/11/15 01:49:48 [error] [exception.CException] exception 'CException' with message 'SiteController and its behaviors do not have a method or closure named "appTitle".' in C:\xampp\htdocs\yii-1.1.16\framework\base\CComponent.php:266
Stack trace:
#0 C:\xampp\htdocs\elaundry\themes\abound\views\layouts\tpl_navigation.php(91): CComponent->__call('appTitle', Array)
#1 C:\xampp\htdocs\elaundry\themes\abound\views\layouts\tpl_navigation.php(91): SiteController->appTitle(NULL)
#2 C:\xampp\htdocs\elaundry\themes\abound\views\layouts\main.php(58): require_once('C:\\xampp\\htdocs...')
#3 C:\xampp\htdocs\yii-1.1.16\framework\web\CBaseController.php(126): require('C:\\xampp\\htdocs...')
#4 C:\xampp\htdocs\yii-1.1.16\framework\web\CBaseController.php(95): CBaseController->renderInternal('C:\\xampp\\htdocs...', Array, true)
#5 C:\xampp\htdocs\yii-1.1.16\framework\web\widgets\CContentDecorator.php(76): CBaseController->renderFile('C:\\xampp\\htdocs...', Array, true)
#6 C:\xampp\htdocs\yii-1.1.16\framework\web\widgets\CContentDecorator.php(54): CContentDecorator->decorate('<div id="conten...')
#7 C:\xampp\htdocs\yii-1.1.16\framework\web\widgets\COutputProcessor.php(44): CContentDecorator->processOutput('<div id="conten...')
#8 C:\xampp\htdocs\yii-1.1.16\framework\web\CBaseController.php(214): COutputProcessor->run()
#9 C:\xampp\htdocs\yii-1.1.16\framework\web\CBaseController.php(308): CBaseController->endWidget('CContentDecorat...')
#10 C:\xampp\htdocs\elaundry\themes\abound\views\layouts\column1.php(14): CBaseController->endContent()
#11 C:\xampp\htdocs\yii-1.1.16\framework\web\CBaseController.php(126): require('C:\\xampp\\htdocs...')
#12 C:\xampp\htdocs\yii-1.1.16\framework\web\CBaseController.php(95): CBaseController->renderInternal('C:\\xampp\\htdocs...', Array, true)
#13 C:\xampp\htdocs\yii-1.1.16\framework\web\CController.php(784): CBaseController->renderFile('C:\\xampp\\htdocs...', Array, true)
#14 C:\xampp\htdocs\elaundry\protected\controllers\SiteController.php(32): CController->render('index')
#15 C:\xampp\htdocs\yii-1.1.16\framework\web\actions\CInlineAction.php(49): SiteController->actionIndex()
#16 C:\xampp\htdocs\yii-1.1.16\framework\web\CController.php(308): CInlineAction->runWithParams(Array)
#17 C:\xampp\htdocs\yii-1.1.16\framework\web\CController.php(286): CController->runAction(Object(CInlineAction))
#18 C:\xampp\htdocs\yii-1.1.16\framework\web\CController.php(265): CController->runActionWithFilters(Object(CInlineAction), Array)
#19 C:\xampp\htdocs\yii-1.1.16\framework\web\CWebApplication.php(282): CController->run('')
#20 C:\xampp\htdocs\yii-1.1.16\framework\web\CWebApplication.php(141): CWebApplication->runController('')
#21 C:\xampp\htdocs\yii-1.1.16\framework\base\CApplication.php(184): CWebApplication->processRequest()
#22 C:\xampp\htdocs\elaundry\index.php(13): CApplication->run()
#23 {main}
REQUEST_URI=/elaundry/
---
2015/11/15 01:49:49 [error] [exception.CException] exception 'CException' with message 'SiteController and its behaviors do not have a method or closure named "appTitle".' in C:\xampp\htdocs\yii-1.1.16\framework\base\CComponent.php:266
Stack trace:
#0 C:\xampp\htdocs\elaundry\themes\abound\views\layouts\tpl_navigation.php(91): CComponent->__call('appTitle', Array)
#1 C:\xampp\htdocs\elaundry\themes\abound\views\layouts\tpl_navigation.php(91): SiteController->appTitle(NULL)
#2 C:\xampp\htdocs\elaundry\themes\abound\views\layouts\main.php(58): require_once('C:\\xampp\\htdocs...')
#3 C:\xampp\htdocs\yii-1.1.16\framework\web\CBaseController.php(126): require('C:\\xampp\\htdocs...')
#4 C:\xampp\htdocs\yii-1.1.16\framework\web\CBaseController.php(95): CBaseController->renderInternal('C:\\xampp\\htdocs...', Array, true)
#5 C:\xampp\htdocs\yii-1.1.16\framework\web\widgets\CContentDecorator.php(76): CBaseController->renderFile('C:\\xampp\\htdocs...', Array, true)
#6 C:\xampp\htdocs\yii-1.1.16\framework\web\widgets\CContentDecorator.php(54): CContentDecorator->decorate('<div id="conten...')
#7 C:\xampp\htdocs\yii-1.1.16\framework\web\widgets\COutputProcessor.php(44): CContentDecorator->processOutput('<div id="conten...')
#8 C:\xampp\htdocs\yii-1.1.16\framework\web\CBaseController.php(214): COutputProcessor->run()
#9 C:\xampp\htdocs\yii-1.1.16\framework\web\CBaseController.php(308): CBaseController->endWidget('CContentDecorat...')
#10 C:\xampp\htdocs\elaundry\themes\abound\views\layouts\column1.php(14): CBaseController->endContent()
#11 C:\xampp\htdocs\yii-1.1.16\framework\web\CBaseController.php(126): require('C:\\xampp\\htdocs...')
#12 C:\xampp\htdocs\yii-1.1.16\framework\web\CBaseController.php(95): CBaseController->renderInternal('C:\\xampp\\htdocs...', Array, true)
#13 C:\xampp\htdocs\yii-1.1.16\framework\web\CController.php(784): CBaseController->renderFile('C:\\xampp\\htdocs...', Array, true)
#14 C:\xampp\htdocs\elaundry\protected\controllers\SiteController.php(32): CController->render('index')
#15 C:\xampp\htdocs\yii-1.1.16\framework\web\actions\CInlineAction.php(49): SiteController->actionIndex()
#16 C:\xampp\htdocs\yii-1.1.16\framework\web\CController.php(308): CInlineAction->runWithParams(Array)
#17 C:\xampp\htdocs\yii-1.1.16\framework\web\CController.php(286): CController->runAction(Object(CInlineAction))
#18 C:\xampp\htdocs\yii-1.1.16\framework\web\CController.php(265): CController->runActionWithFilters(Object(CInlineAction), Array)
#19 C:\xampp\htdocs\yii-1.1.16\framework\web\CWebApplication.php(282): CController->run('')
#20 C:\xampp\htdocs\yii-1.1.16\framework\web\CWebApplication.php(141): CWebApplication->runController('')
#21 C:\xampp\htdocs\yii-1.1.16\framework\base\CApplication.php(184): CWebApplication->processRequest()
#22 C:\xampp\htdocs\elaundry\index.php(13): CApplication->run()
#23 {main}
REQUEST_URI=/elaundry/
---
2015/11/15 01:49:49 [error] [exception.CException] exception 'CException' with message 'SiteController and its behaviors do not have a method or closure named "appTitle".' in C:\xampp\htdocs\yii-1.1.16\framework\base\CComponent.php:266
Stack trace:
#0 C:\xampp\htdocs\elaundry\themes\abound\views\layouts\tpl_navigation.php(91): CComponent->__call('appTitle', Array)
#1 C:\xampp\htdocs\elaundry\themes\abound\views\layouts\tpl_navigation.php(91): SiteController->appTitle(NULL)
#2 C:\xampp\htdocs\elaundry\themes\abound\views\layouts\main.php(58): require_once('C:\\xampp\\htdocs...')
#3 C:\xampp\htdocs\yii-1.1.16\framework\web\CBaseController.php(126): require('C:\\xampp\\htdocs...')
#4 C:\xampp\htdocs\yii-1.1.16\framework\web\CBaseController.php(95): CBaseController->renderInternal('C:\\xampp\\htdocs...', Array, true)
#5 C:\xampp\htdocs\yii-1.1.16\framework\web\widgets\CContentDecorator.php(76): CBaseController->renderFile('C:\\xampp\\htdocs...', Array, true)
#6 C:\xampp\htdocs\yii-1.1.16\framework\web\widgets\CContentDecorator.php(54): CContentDecorator->decorate('<div id="conten...')
#7 C:\xampp\htdocs\yii-1.1.16\framework\web\widgets\COutputProcessor.php(44): CContentDecorator->processOutput('<div id="conten...')
#8 C:\xampp\htdocs\yii-1.1.16\framework\web\CBaseController.php(214): COutputProcessor->run()
#9 C:\xampp\htdocs\yii-1.1.16\framework\web\CBaseController.php(308): CBaseController->endWidget('CContentDecorat...')
#10 C:\xampp\htdocs\elaundry\themes\abound\views\layouts\column1.php(14): CBaseController->endContent()
#11 C:\xampp\htdocs\yii-1.1.16\framework\web\CBaseController.php(126): require('C:\\xampp\\htdocs...')
#12 C:\xampp\htdocs\yii-1.1.16\framework\web\CBaseController.php(95): CBaseController->renderInternal('C:\\xampp\\htdocs...', Array, true)
#13 C:\xampp\htdocs\yii-1.1.16\framework\web\CController.php(784): CBaseController->renderFile('C:\\xampp\\htdocs...', Array, true)
#14 C:\xampp\htdocs\elaundry\protected\controllers\SiteController.php(32): CController->render('index')
#15 C:\xampp\htdocs\yii-1.1.16\framework\web\actions\CInlineAction.php(49): SiteController->actionIndex()
#16 C:\xampp\htdocs\yii-1.1.16\framework\web\CController.php(308): CInlineAction->runWithParams(Array)
#17 C:\xampp\htdocs\yii-1.1.16\framework\web\CController.php(286): CController->runAction(Object(CInlineAction))
#18 C:\xampp\htdocs\yii-1.1.16\framework\web\CController.php(265): CController->runActionWithFilters(Object(CInlineAction), Array)
#19 C:\xampp\htdocs\yii-1.1.16\framework\web\CWebApplication.php(282): CController->run('')
#20 C:\xampp\htdocs\yii-1.1.16\framework\web\CWebApplication.php(141): CWebApplication->runController('')
#21 C:\xampp\htdocs\yii-1.1.16\framework\base\CApplication.php(184): CWebApplication->processRequest()
#22 C:\xampp\htdocs\elaundry\index.php(13): CApplication->run()
#23 {main}
REQUEST_URI=/elaundry/
---
2015/11/15 01:49:50 [error] [exception.CException] exception 'CException' with message 'SiteController and its behaviors do not have a method or closure named "appTitle".' in C:\xampp\htdocs\yii-1.1.16\framework\base\CComponent.php:266
Stack trace:
#0 C:\xampp\htdocs\elaundry\themes\abound\views\layouts\tpl_navigation.php(91): CComponent->__call('appTitle', Array)
#1 C:\xampp\htdocs\elaundry\themes\abound\views\layouts\tpl_navigation.php(91): SiteController->appTitle(NULL)
#2 C:\xampp\htdocs\elaundry\themes\abound\views\layouts\main.php(58): require_once('C:\\xampp\\htdocs...')
#3 C:\xampp\htdocs\yii-1.1.16\framework\web\CBaseController.php(126): require('C:\\xampp\\htdocs...')
#4 C:\xampp\htdocs\yii-1.1.16\framework\web\CBaseController.php(95): CBaseController->renderInternal('C:\\xampp\\htdocs...', Array, true)
#5 C:\xampp\htdocs\yii-1.1.16\framework\web\widgets\CContentDecorator.php(76): CBaseController->renderFile('C:\\xampp\\htdocs...', Array, true)
#6 C:\xampp\htdocs\yii-1.1.16\framework\web\widgets\CContentDecorator.php(54): CContentDecorator->decorate('<div id="conten...')
#7 C:\xampp\htdocs\yii-1.1.16\framework\web\widgets\COutputProcessor.php(44): CContentDecorator->processOutput('<div id="conten...')
#8 C:\xampp\htdocs\yii-1.1.16\framework\web\CBaseController.php(214): COutputProcessor->run()
#9 C:\xampp\htdocs\yii-1.1.16\framework\web\CBaseController.php(308): CBaseController->endWidget('CContentDecorat...')
#10 C:\xampp\htdocs\elaundry\themes\abound\views\layouts\column1.php(14): CBaseController->endContent()
#11 C:\xampp\htdocs\yii-1.1.16\framework\web\CBaseController.php(126): require('C:\\xampp\\htdocs...')
#12 C:\xampp\htdocs\yii-1.1.16\framework\web\CBaseController.php(95): CBaseController->renderInternal('C:\\xampp\\htdocs...', Array, true)
#13 C:\xampp\htdocs\yii-1.1.16\framework\web\CController.php(784): CBaseController->renderFile('C:\\xampp\\htdocs...', Array, true)
#14 C:\xampp\htdocs\elaundry\protected\controllers\SiteController.php(32): CController->render('index')
#15 C:\xampp\htdocs\yii-1.1.16\framework\web\actions\CInlineAction.php(49): SiteController->actionIndex()
#16 C:\xampp\htdocs\yii-1.1.16\framework\web\CController.php(308): CInlineAction->runWithParams(Array)
#17 C:\xampp\htdocs\yii-1.1.16\framework\web\CController.php(286): CController->runAction(Object(CInlineAction))
#18 C:\xampp\htdocs\yii-1.1.16\framework\web\CController.php(265): CController->runActionWithFilters(Object(CInlineAction), Array)
#19 C:\xampp\htdocs\yii-1.1.16\framework\web\CWebApplication.php(282): CController->run('')
#20 C:\xampp\htdocs\yii-1.1.16\framework\web\CWebApplication.php(141): CWebApplication->runController('')
#21 C:\xampp\htdocs\yii-1.1.16\framework\base\CApplication.php(184): CWebApplication->processRequest()
#22 C:\xampp\htdocs\elaundry\index.php(13): CApplication->run()
#23 {main}
REQUEST_URI=/elaundry/
---
2015/11/15 01:49:50 [error] [exception.CException] exception 'CException' with message 'SiteController and its behaviors do not have a method or closure named "appTitle".' in C:\xampp\htdocs\yii-1.1.16\framework\base\CComponent.php:266
Stack trace:
#0 C:\xampp\htdocs\elaundry\themes\abound\views\layouts\tpl_navigation.php(91): CComponent->__call('appTitle', Array)
#1 C:\xampp\htdocs\elaundry\themes\abound\views\layouts\tpl_navigation.php(91): SiteController->appTitle(NULL)
#2 C:\xampp\htdocs\elaundry\themes\abound\views\layouts\main.php(58): require_once('C:\\xampp\\htdocs...')
#3 C:\xampp\htdocs\yii-1.1.16\framework\web\CBaseController.php(126): require('C:\\xampp\\htdocs...')
#4 C:\xampp\htdocs\yii-1.1.16\framework\web\CBaseController.php(95): CBaseController->renderInternal('C:\\xampp\\htdocs...', Array, true)
#5 C:\xampp\htdocs\yii-1.1.16\framework\web\widgets\CContentDecorator.php(76): CBaseController->renderFile('C:\\xampp\\htdocs...', Array, true)
#6 C:\xampp\htdocs\yii-1.1.16\framework\web\widgets\CContentDecorator.php(54): CContentDecorator->decorate('<div id="conten...')
#7 C:\xampp\htdocs\yii-1.1.16\framework\web\widgets\COutputProcessor.php(44): CContentDecorator->processOutput('<div id="conten...')
#8 C:\xampp\htdocs\yii-1.1.16\framework\web\CBaseController.php(214): COutputProcessor->run()
#9 C:\xampp\htdocs\yii-1.1.16\framework\web\CBaseController.php(308): CBaseController->endWidget('CContentDecorat...')
#10 C:\xampp\htdocs\elaundry\themes\abound\views\layouts\column1.php(14): CBaseController->endContent()
#11 C:\xampp\htdocs\yii-1.1.16\framework\web\CBaseController.php(126): require('C:\\xampp\\htdocs...')
#12 C:\xampp\htdocs\yii-1.1.16\framework\web\CBaseController.php(95): CBaseController->renderInternal('C:\\xampp\\htdocs...', Array, true)
#13 C:\xampp\htdocs\yii-1.1.16\framework\web\CController.php(784): CBaseController->renderFile('C:\\xampp\\htdocs...', Array, true)
#14 C:\xampp\htdocs\elaundry\protected\controllers\SiteController.php(32): CController->render('index')
#15 C:\xampp\htdocs\yii-1.1.16\framework\web\actions\CInlineAction.php(49): SiteController->actionIndex()
#16 C:\xampp\htdocs\yii-1.1.16\framework\web\CController.php(308): CInlineAction->runWithParams(Array)
#17 C:\xampp\htdocs\yii-1.1.16\framework\web\CController.php(286): CController->runAction(Object(CInlineAction))
#18 C:\xampp\htdocs\yii-1.1.16\framework\web\CController.php(265): CController->runActionWithFilters(Object(CInlineAction), Array)
#19 C:\xampp\htdocs\yii-1.1.16\framework\web\CWebApplication.php(282): CController->run('')
#20 C:\xampp\htdocs\yii-1.1.16\framework\web\CWebApplication.php(141): CWebApplication->runController('')
#21 C:\xampp\htdocs\yii-1.1.16\framework\base\CApplication.php(184): CWebApplication->processRequest()
#22 C:\xampp\htdocs\elaundry\index.php(13): CApplication->run()
#23 {main}
REQUEST_URI=/elaundry/
---
2015/11/15 01:53:04 [error] [exception.CException] exception 'CException' with message 'SiteController and its behaviors do not have a method or closure named "appTitle".' in C:\xampp\htdocs\elaundry\framework\base\CComponent.php:266
Stack trace:
#0 C:\xampp\htdocs\elaundry\themes\abound\views\layouts\tpl_navigation.php(91): CComponent->__call('appTitle', Array)
#1 C:\xampp\htdocs\elaundry\themes\abound\views\layouts\tpl_navigation.php(91): SiteController->appTitle(NULL)
#2 C:\xampp\htdocs\elaundry\themes\abound\views\layouts\main.php(58): require_once('C:\\xampp\\htdocs...')
#3 C:\xampp\htdocs\elaundry\framework\web\CBaseController.php(126): require('C:\\xampp\\htdocs...')
#4 C:\xampp\htdocs\elaundry\framework\web\CBaseController.php(95): CBaseController->renderInternal('C:\\xampp\\htdocs...', Array, true)
#5 C:\xampp\htdocs\elaundry\framework\web\widgets\CContentDecorator.php(76): CBaseController->renderFile('C:\\xampp\\htdocs...', Array, true)
#6 C:\xampp\htdocs\elaundry\framework\web\widgets\CContentDecorator.php(54): CContentDecorator->decorate('<div id="conten...')
#7 C:\xampp\htdocs\elaundry\framework\web\widgets\COutputProcessor.php(44): CContentDecorator->processOutput('<div id="conten...')
#8 C:\xampp\htdocs\elaundry\framework\web\CBaseController.php(214): COutputProcessor->run()
#9 C:\xampp\htdocs\elaundry\framework\web\CBaseController.php(308): CBaseController->endWidget('CContentDecorat...')
#10 C:\xampp\htdocs\elaundry\themes\abound\views\layouts\column1.php(14): CBaseController->endContent()
#11 C:\xampp\htdocs\elaundry\framework\web\CBaseController.php(126): require('C:\\xampp\\htdocs...')
#12 C:\xampp\htdocs\elaundry\framework\web\CBaseController.php(95): CBaseController->renderInternal('C:\\xampp\\htdocs...', Array, true)
#13 C:\xampp\htdocs\elaundry\framework\web\CController.php(784): CBaseController->renderFile('C:\\xampp\\htdocs...', Array, true)
#14 C:\xampp\htdocs\elaundry\protected\controllers\SiteController.php(32): CController->render('index')
#15 C:\xampp\htdocs\elaundry\framework\web\actions\CInlineAction.php(49): SiteController->actionIndex()
#16 C:\xampp\htdocs\elaundry\framework\web\CController.php(308): CInlineAction->runWithParams(Array)
#17 C:\xampp\htdocs\elaundry\framework\web\CController.php(286): CController->runAction(Object(CInlineAction))
#18 C:\xampp\htdocs\elaundry\framework\web\CController.php(265): CController->runActionWithFilters(Object(CInlineAction), Array)
#19 C:\xampp\htdocs\elaundry\framework\web\CWebApplication.php(282): CController->run('')
#20 C:\xampp\htdocs\elaundry\framework\web\CWebApplication.php(141): CWebApplication->runController('')
#21 C:\xampp\htdocs\elaundry\framework\base\CApplication.php(184): CWebApplication->processRequest()
#22 C:\xampp\htdocs\elaundry\index.php(15): CApplication->run()
#23 {main}
REQUEST_URI=/elaundry/
---
